<?xml version="1.0" encoding="UTF-8"?>
<testng-results ignored="0" total="1" passed="1" failed="0" skipped="0">
  <reporter-output>
  </reporter-output>
  <suite started-at="2022-01-15T08:10:41Z" name="Surefire suite" finished-at="2022-01-15T08:10:41Z" duration-ms="64">
    <groups>
    </groups>
    <test started-at="2022-01-15T08:10:41Z" name="Surefire test" finished-at="2022-01-15T08:10:41Z" duration-ms="64">
      <class name="CucumberDemo.CucumberDemo.AppTest">
        <test-method signature="shouldAnswerWithTrue()" started-at="2022-01-15T08:10:41Z" name="shouldAnswerWithTrue" finished-at="2022-01-15T08:10:41Z" duration-ms="13" status="PASS">
          <reporter-output>
          </reporter-output>
        </test-method> <!-- shouldAnswerWithTrue -->
      </class> <!-- CucumberDemo.CucumberDemo.AppTest -->
    </test> <!-- Surefire test -->
  </suite> <!-- Surefire suite -->
</testng-results>
